2018-03-15 15:08:22.263 [main] DEBUG cong.rabbitmq.Server -  [x] Awaiting RPC requests
2018-03-15 15:09:31.647 [main] DEBUG cong.rabbitmq.Server -  [x] Awaiting RPC requests
2018-03-15 15:21:35.123 [main] DEBUG cong.rabbitmq.Server -  [x] Awaiting RPC requests
2018-03-15 15:22:47.822 [main] DEBUG cong.rabbitmq.Server -  [x] Awaiting RPC requests
2018-03-15 15:24:16.648 [pool-2-thread-4] DEBUG cong.rabbitmq.Server -  [.] fib(30)
2018-03-15 15:25:48.470 [pool-2-thread-5] DEBUG cong.rabbitmq.Server -  [.] java.lang.NumberFormatException: For input string: ""
2018-03-15 15:27:03.536 [main] DEBUG cong.rabbitmq.Server -  [x] Awaiting RPC requests
2018-03-15 15:27:07.021 [pool-2-thread-4] DEBUG cong.rabbitmq.Server -  [.] java.lang.NumberFormatException: For input string: ""
2018-03-15 15:28:04.213 [main] DEBUG cong.rabbitmq.Server -  [x] Awaiting RPC requests
2018-03-15 15:28:21.592 [pool-2-thread-4] DEBUG cong.rabbitmq.Server -  [.] For input string: ""
2018-03-15 15:29:45.544 [pool-2-thread-5] DEBUG cong.rabbitmq.Server - Thong tin ket noi la:1
2018-03-15 15:30:02.929 [pool-2-thread-6] DEBUG cong.rabbitmq.Server - Thong tin ket noi la:2
2018-03-15 15:31:30.801 [pool-2-thread-7] DEBUG cong.rabbitmq.Server - Thong tin ket noi la:1
2018-03-15 15:33:31.242 [pool-2-thread-8] DEBUG cong.rabbitmq.Server - Thong tin ket noi la:9
2018-03-15 15:34:11.538 [main] DEBUG cong.rabbitmq.Server -  [x] Awaiting RPC requests
2018-03-15 15:34:17.666 [pool-2-thread-4] DEBUG cong.rabbitmq.Server -  [.] java.lang.NumberFormatException: For input string: ""
2018-03-15 15:34:29.378 [pool-2-thread-5] DEBUG cong.rabbitmq.Server - Thong tin ket noi la:1
2018-03-15 15:34:48.457 [pool-2-thread-6] DEBUG cong.rabbitmq.Server - Thong tin ket noi la:3
2018-03-15 15:35:11.564 [main] DEBUG cong.rabbitmq.Server -  [x] Awaiting RPC requests
2018-03-15 15:35:14.671 [pool-2-thread-4] DEBUG cong.rabbitmq.Server - Thong tin ket noi la:1
2018-03-15 15:39:57.733 [pool-2-thread-5] DEBUG cong.rabbitmq.Server -  [.] java.lang.NumberFormatException: For input string: ""
2018-03-15 15:41:16.374 [main] DEBUG cong.rabbitmq.Server -  [x] Awaiting RPC requests
2018-03-15 15:41:20.917 [pool-2-thread-4] DEBUG cong.rabbitmq.Server - 
2018-03-15 15:41:20.917 [pool-2-thread-4] DEBUG cong.rabbitmq.Server -  [.] java.lang.NumberFormatException: For input string: ""
2018-03-15 15:44:22.455 [main] DEBUG cong.rabbitmq.Server -  [x] Awaiting RPC requests
2018-03-15 15:44:26.396 [pool-2-thread-4] DEBUG cong.rabbitmq.Server - 
2018-03-15 15:44:26.396 [pool-2-thread-4] DEBUG cong.rabbitmq.Server -  [.] java.lang.NumberFormatException: For input string: ""
2018-03-15 15:44:36.956 [pool-2-thread-5] DEBUG cong.rabbitmq.Server - 3
2018-03-15 15:44:36.956 [pool-2-thread-5] DEBUG cong.rabbitmq.Server - n=3
2018-03-15 15:44:36.956 [pool-2-thread-5] DEBUG cong.rabbitmq.Server - Thong tin ket noi la:3
2018-03-15 15:44:40.272 [pool-2-thread-6] DEBUG cong.rabbitmq.Server - 1
2018-03-15 15:44:40.272 [pool-2-thread-6] DEBUG cong.rabbitmq.Server - n=1
2018-03-15 15:44:40.272 [pool-2-thread-6] DEBUG cong.rabbitmq.Server - Thong tin ket noi la:1
2018-03-15 15:45:08.061 [pool-2-thread-7] DEBUG cong.rabbitmq.Server - 
2018-03-15 15:45:08.061 [pool-2-thread-7] DEBUG cong.rabbitmq.Server -  [.] java.lang.NumberFormatException: For input string: ""
2018-03-15 15:48:45.062 [main] DEBUG cong.rabbitmq.Server -  [x] Awaiting RPC requests
2018-03-15 15:48:49.765 [main] DEBUG cong.rabbitmq.Server -  [x] Awaiting RPC requests
2018-03-15 15:48:54.117 [pool-2-thread-4] DEBUG cong.rabbitmq.Server - 1
2018-03-15 15:48:54.117 [pool-2-thread-4] DEBUG cong.rabbitmq.Server - n=1
2018-03-15 15:48:54.117 [pool-2-thread-4] DEBUG cong.rabbitmq.Server - Thông tin kết nối là :1
2018-03-15 15:48:54.119 [pool-2-thread-4] DEBUG cong.rabbitmq.Server - a
2018-03-15 15:51:03.425 [pool-2-thread-5] DEBUG cong.rabbitmq.Server - 4
2018-03-15 15:51:03.426 [pool-2-thread-5] DEBUG cong.rabbitmq.Server - n=4
2018-03-15 15:51:03.426 [pool-2-thread-5] DEBUG cong.rabbitmq.Server - Thông tin kết nối là :4
2018-03-15 15:51:03.427 [pool-2-thread-5] DEBUG cong.rabbitmq.Server - a
2018-03-15 15:57:38.126 [main] DEBUG cong.rabbitmq.Server -  [x] Awaiting RPC requests
2018-03-15 15:57:41.594 [pool-2-thread-4] DEBUG cong.rabbitmq.Server -  [.] java.lang.NumberFormatException: For input string: ""
